2025-04-10 17:44:23,790 - root - INFO - Fetching RSS feed from: 
2025-04-10 17:44:23,790 - root - INFO - Feed fetching RSS feed: {e}
2025-04-10 17:44:23,790 - root - INFO - Returning 0 articles in chunks of 10.
2025-04-10 17:45:10,559 - root - INFO - Fetching RSS feed from: 
2025-04-10 17:45:10,559 - root - INFO - Feed fetching RSS feed: {e}
2025-04-10 17:45:10,559 - root - INFO - Returning 0 articles in chunks of 10.
2025-04-10 17:45:21,914 - root - INFO - Fetching RSS feed from: https://sive.rs/en.atom
2025-04-10 17:45:23,420 - root - INFO - Feed fetching RSS feed: {e}
2025-04-10 17:45:23,421 - root - INFO - Returning 200 articles in chunks of 10.
2025-04-10 17:46:09,696 - root - INFO - Fetching RSS feed from: https://sive.rs/en.atom
2025-04-10 17:46:10,965 - root - INFO - Feed fetching RSS feed: {e}
2025-04-10 17:46:10,965 - root - INFO - Returning 200 articles in chunks of 10.
2025-04-10 17:46:10,965 - root - DEBUG - Returning chunk 1 of articles.
2025-04-10 17:46:30,103 - root - DEBUG - Returning chunk 2 of articles.
2025-04-10 18:06:19,127 - root - INFO - Starting the RSS Reader application
2025-04-10 18:06:19,127 - root - INFO - Starting the RSS Reader application
2025-04-10 18:06:19,127 - root - INFO - Starting the RSS Reader application
2025-04-10 18:06:24,602 - root - WARNING - Received empty URL
2025-04-10 18:06:24,602 - root - WARNING - Received empty URL
2025-04-10 18:06:24,602 - root - WARNING - Received empty URL
2025-04-10 18:06:24,602 - root - INFO - User entered feed URL: 
2025-04-10 18:06:24,602 - root - INFO - User entered feed URL: 
2025-04-10 18:06:24,602 - root - INFO - User entered feed URL: 
2025-04-10 18:06:24,603 - root - INFO - ArticleReader initialized with link conversion enabled.
2025-04-10 18:06:24,603 - root - INFO - ArticleReader initialized with link conversion enabled.
2025-04-10 18:06:24,603 - root - INFO - ArticleReader initialized with link conversion enabled.
2025-04-10 18:06:24,604 - root - INFO - Fetching RSS feed from: 
2025-04-10 18:06:24,604 - root - INFO - Fetching RSS feed from: 
2025-04-10 18:06:24,604 - root - INFO - Fetching RSS feed from: 
2025-04-10 18:06:24,604 - root - INFO - Feed fetching RSS feed: {e}
2025-04-10 18:06:24,604 - root - INFO - Feed fetching RSS feed: {e}
2025-04-10 18:06:24,604 - root - INFO - Feed fetching RSS feed: {e}
2025-04-10 18:06:24,605 - root - INFO - Returning 0 articles in chunks of 10.
2025-04-10 18:06:24,605 - root - INFO - Returning 0 articles in chunks of 10.
2025-04-10 18:06:24,605 - root - INFO - Returning 0 articles in chunks of 10.
2025-04-10 18:07:31,566 - root - INFO - Starting the RSS Reader application
2025-04-10 18:07:31,566 - root - INFO - Starting the RSS Reader application
2025-04-10 18:07:31,566 - root - INFO - Starting the RSS Reader application
2025-04-10 18:07:32,903 - root - WARNING - Received empty URL
2025-04-10 18:07:32,903 - root - WARNING - Received empty URL
2025-04-10 18:07:32,903 - root - WARNING - Received empty URL
2025-04-10 18:07:32,903 - root - ERROR - An error occurred: name 'sys' is not defined
2025-04-10 18:07:32,903 - root - ERROR - An error occurred: name 'sys' is not defined
2025-04-10 18:07:32,903 - root - ERROR - An error occurred: name 'sys' is not defined
2025-04-10 18:08:51,597 - root - INFO - Starting the RSS Reader application
2025-04-10 18:08:51,597 - root - INFO - Starting the RSS Reader application
2025-04-10 18:08:51,597 - root - INFO - Starting the RSS Reader application
2025-04-10 18:08:52,326 - root - WARNING - Received empty URL
2025-04-10 18:08:52,326 - root - WARNING - Received empty URL
2025-04-10 18:08:52,326 - root - WARNING - Received empty URL
2025-04-10 18:12:06,397 - root - INFO - Starting the RSS Reader application
2025-04-10 18:12:07,915 - root - WARNING - Received empty URL
2025-04-10 18:12:11,075 - root - INFO - Starting the RSS Reader application
2025-04-10 18:12:14,521 - root - INFO - User entered feed URL: https://sive.rs/en.atom
2025-04-10 18:12:14,522 - root - INFO - ArticleReader initialized with link conversion enabled.
2025-04-10 18:12:14,522 - root - INFO - Fetching RSS feed from: https://sive.rs/en.atom
2025-04-10 18:12:16,024 - root - INFO - Feed fetching RSS feed: {e}
2025-04-10 18:12:16,025 - root - INFO - Returning 200 articles in chunks of 10.
2025-04-10 18:12:16,025 - root - DEBUG - Returning chunk 1 of articles.
2025-04-10 18:13:22,102 - root - INFO - Starting the RSS Reader application
2025-04-10 18:13:24,944 - root - INFO - User entered feed URL: https://sive.rs/en.atom
2025-04-10 18:13:24,945 - root - INFO - ArticleReader initialized with link conversion enabled.
2025-04-10 18:13:24,945 - root - INFO - Fetching RSS feed from: https://sive.rs/en.atom
2025-04-10 18:13:26,199 - root - INFO - Feed fetching RSS feed
2025-04-10 18:13:26,200 - root - INFO - Returning 200 articles in chunks of 10.
2025-04-10 18:13:26,200 - root - DEBUG - Returning chunk 1 of articles.
2025-04-10 18:13:38,526 - root - INFO - Parsing HTML to plain_text
2025-04-10 18:13:38,528 - root - INFO - Displaying the article as plain_text
2025-04-10 18:13:40,470 - root - INFO - HTML content successfully converted and displayed.
2025-04-10 18:28:34,862 - root - INFO - Starting the RSS Reader application
2025-04-10 18:28:40,200 - root - INFO - User entered feed URL: https://sive.rs/en.atom
2025-04-10 18:28:40,201 - root - INFO - ArticleReader initialized with link conversion enabled.
2025-04-10 18:28:40,201 - root - INFO - Fetching RSS feed from: https://sive.rs/en.atom
2025-04-10 18:28:41,711 - root - INFO - Feed fetching RSS feed
2025-04-10 18:28:41,711 - root - INFO - Set chunk_size to {chunk_size}
2025-04-10 18:28:41,711 - root - INFO - Returning 200 articles in chunks of 10.
2025-04-10 18:28:41,711 - root - DEBUG - Returning chunk 1 of articles.
2025-04-10 18:28:41,711 - root - INFO - Printing the articles
2025-04-10 18:28:48,675 - root - INFO - User provided input 
2025-04-10 18:28:48,676 - root - DEBUG - Returning chunk 2 of articles.
2025-04-10 18:28:48,676 - root - INFO - Printing the articles
2025-04-10 18:28:51,915 - root - INFO - User provided input q
2025-04-10 18:28:51,915 - root - INFO - Exiting the articles list
2025-04-10 18:39:29,551 - root - INFO - Starting the RSS Reader application
2025-04-10 18:39:33,525 - root - INFO - User entered feed URL: https://sive.rs/en.atom
2025-04-10 18:39:33,525 - root - INFO - ArticleReader initialized with link conversion enabled.
2025-04-10 18:39:33,526 - root - INFO - Initialized RSSReaderAPP with URL: https://sive.rs/en.atom
2025-04-10 18:39:33,526 - root - INFO - Fetching RSS feed...
2025-04-10 18:39:33,526 - root - INFO - Fetching RSS feed from: https://sive.rs/en.atom
2025-04-10 18:39:35,657 - root - INFO - Feed fetching RSS feed
2025-04-10 18:39:35,657 - root - INFO - Set chunk_size to {chunk_size}
2025-04-10 18:39:35,658 - root - INFO - Returning 200 articles in chunks of 10.
2025-04-10 18:39:35,658 - root - DEBUG - Returning chunk 1 of articles.
2025-04-10 18:39:35,658 - root - INFO - Displaying {len(chunk)} articles
2025-04-10 18:39:39,083 - root - INFO - User provided input 1
2025-04-10 18:39:39,083 - root - INFO - User selected article: Why did I move to New Zealand?
2025-04-10 18:39:39,083 - root - INFO - Parsing HTML to plain_text
2025-04-10 18:39:39,086 - root - INFO - Displaying the article as plain_text
2025-04-10 18:39:41,526 - root - INFO - HTML content successfully converted and displayed.
2025-04-10 18:39:55,560 - root - INFO - User input after reading article: q
2025-04-10 18:39:55,560 - root - INFO - User chose to quit the application after reading an article.
